py37-ansible210 installed: ansible==2.10.7,ansible-base==2.10.17,ansible-compat==1.0.0,arrow==1.2.3,bcrypt==4.2.1,binaryornot==0.4.4,cached-property==1.5.2,Cerberus==1.3.8,certifi==2026.2.25,cffi==1.15.1,chardet==5.2.0,charset-normalizer==3.4.5,click==8.1.8,click-help-colors==0.9.4,cookiecutter==2.6.0,cryptography==45.0.7,distro==1.9.0,enrich==1.2.7,idna==3.10,importlib-metadata==6.7.0,Jinja2==3.1.6,jmespath==1.0.1,lxml==5.4.0,markdown-it-py==2.2.0,MarkupSafe==2.1.5,mdurl==0.1.2,molecule==3.6.1,molecule-podman==1.1.0,packaging==24.0,paramiko==2.12.0,pluggy==1.2.0,pycparser==2.21,Pygments==2.17.2,PyNaCl==1.5.0,python-dateutil==2.9.0.post0,python-slugify==8.0.4,PyYAML==6.0.1,requests==2.31.0,rich==13.8.1,selinux==0.2.1,six==1.17.0,subprocess-tee==0.3.5,text-unidecode==1.3,typing_extensions==4.7.1,urllib3==2.0.7,zipp==3.15.0
py37-ansible210 run-test-pre: PYTHONHASHSEED='1840603408'
py37-ansible210 run-test: commands[0] | molecule test -s podman --destroy always
/opt/vector-role/.tox/py37-ansible210/lib/python3.7/site-packages/ansible/parsing/vault/__init__.py:44: CryptographyDeprecationWarning: Python 3.7 is no longer supported by the Python core team and support for it is deprecated in cryptography. The next release of cryptography will remove support for Python 3.7.
  from cryptography.exceptions import InvalidSignature
INFO     podman scenario test matrix: dependency, lint, cleanup, destroy, syntax, create, prepare, converge, idempotence, side_effect, verify, cleanup, destroy
INFO     Performing prerun...
INFO     Running ansible-galaxy collection install -vr requirements.yml -p /root/.cache/ansible-compat/b984a4/collections
INFO     Set ANSIBLE_LIBRARY=/root/.cache/ansible-compat/b984a4/modules:/root/.ansible/plugins/modules:/usr/share/ansible/plugins/modules
INFO     Set ANSIBLE_COLLECTIONS_PATH=/root/.cache/ansible-compat/b984a4/collections:/root/.ansible/collections:/usr/share/ansible/collections
INFO     Set ANSIBLE_ROLES_PATH=/root/.cache/ansible-compat/b984a4/roles:/root/.ansible/roles:/usr/share/ansible/roles:/etc/ansible/roles
INFO     Using /root/.ansible/roles/anton_kempf.vector symlink to current repository in order to enable Ansible to find the role using its expected full name.
INFO     Running podman > dependency
WARNING  Skipping, missing the requirements file.
WARNING  Skipping, missing the requirements file.
INFO     Running podman > lint
INFO     Lint is disabled.
INFO     Running podman > cleanup
WARNING  Skipping, cleanup playbook not configured.
INFO     Running podman > destroy
INFO     Sanity checks: 'podman'
/opt/vector-role/.tox/py37-ansible210/lib/python3.7/site-packages/ansible/parsing/vault/__init__.py:44: CryptographyDeprecationWarning: Python 3.7 is no longer supported by the Python core team and support for it is deprecated in cryptography. The next release of cryptography will remove support for Python 3.7.
  from cryptography.exceptions import InvalidSignature

PLAY [Destroy] *****************************************************************

TASK [Destroy molecule instance(s)] ********************************************
/opt/vector-role/.tox/py37-ansible210/lib/python3.7/site-packages/ansible/parsing/vault/__init__.py:44: CryptographyDeprecationWarning: Python 3.7 is no longer supported by the Python core team and support for it is deprecated in cryptography. The next release of cryptography will remove support for Python 3.7.
  from cryptography.exceptions import InvalidSignature
/opt/vector-role/.tox/py37-ansible210/lib/python3.7/site-packages/paramiko/pkey.py:82: CryptographyDeprecationWarning: TripleDES has been moved to cryptography.hazmat.decrepit.ciphers.algorithms.TripleDES and will be removed from cryptography.hazmat.primitives.ciphers.algorithms in 48.0.0.
  "cipher": algorithms.TripleDES,
/opt/vector-role/.tox/py37-ansible210/lib/python3.7/site-packages/paramiko/transport.py:253: CryptographyDeprecationWarning: TripleDES has been moved to cryptography.hazmat.decrepit.ciphers.algorithms.TripleDES and will be removed from cryptography.hazmat.primitives.ciphers.algorithms in 48.0.0.
  "class": algorithms.TripleDES,
changed: [localhost] => (item={'command': '/bin/sh -c "sleep infinity"', 'image': 'python:3.11-slim', 'name': 'ubuntu-podman', 'pre_build_image': True, 'privileged': True})

TASK [Wait for instance(s) deletion to complete] *******************************
changed: [localhost] => (item={'started': 1, 'finished': 0, 'ansible_job_id': '606684092322.73', 'results_file': '/root/.ansible_async/606684092322.73', 'changed': True, 'failed': False, 'item': {'command': '/bin/sh -c "sleep infinity"', 'image': 'python:3.11-slim', 'name': 'ubuntu-podman', 'pre_build_image': True, 'privileged': True}, 'ansible_loop_var': 'item'})

PLAY RECAP *********************************************************************
localhost                  : ok=2    changed=2    unreachable=0    failed=0    skipped=0    rescued=0    ignored=0

INFO     Running podman > syntax

playbook: /opt/vector-role/molecule/podman/converge.yml
/opt/vector-role/.tox/py37-ansible210/lib/python3.7/site-packages/ansible/parsing/vault/__init__.py:44: CryptographyDeprecationWarning: Python 3.7 is no longer supported by the Python core team and support for it is deprecated in cryptography. The next release of cryptography will remove support for Python 3.7.
  from cryptography.exceptions import InvalidSignature
/opt/vector-role/.tox/py37-ansible210/lib/python3.7/site-packages/paramiko/pkey.py:82: CryptographyDeprecationWarning: TripleDES has been moved to cryptography.hazmat.decrepit.ciphers.algorithms.TripleDES and will be removed from cryptography.hazmat.primitives.ciphers.algorithms in 48.0.0.
  "cipher": algorithms.TripleDES,
/opt/vector-role/.tox/py37-ansible210/lib/python3.7/site-packages/paramiko/transport.py:253: CryptographyDeprecationWarning: TripleDES has been moved to cryptography.hazmat.decrepit.ciphers.algorithms.TripleDES and will be removed from cryptography.hazmat.primitives.ciphers.algorithms in 48.0.0.
  "class": algorithms.TripleDES,
INFO     Running podman > create

PLAY [Create] ******************************************************************

TASK [get podman executable path] **********************************************
/opt/vector-role/.tox/py37-ansible210/lib/python3.7/site-packages/ansible/parsing/vault/__init__.py:44: CryptographyDeprecationWarning: Python 3.7 is no longer supported by the Python core team and support for it is deprecated in cryptography. The next release of cryptography will remove support for Python 3.7.
  from cryptography.exceptions import InvalidSignature
/opt/vector-role/.tox/py37-ansible210/lib/python3.7/site-packages/paramiko/pkey.py:82: CryptographyDeprecationWarning: TripleDES has been moved to cryptography.hazmat.decrepit.ciphers.algorithms.TripleDES and will be removed from cryptography.hazmat.primitives.ciphers.algorithms in 48.0.0.
  "cipher": algorithms.TripleDES,
/opt/vector-role/.tox/py37-ansible210/lib/python3.7/site-packages/paramiko/transport.py:253: CryptographyDeprecationWarning: TripleDES has been moved to cryptography.hazmat.decrepit.ciphers.algorithms.TripleDES and will be removed from cryptography.hazmat.primitives.ciphers.algorithms in 48.0.0.
  "class": algorithms.TripleDES,
ok: [localhost]

TASK [save path to executable as fact] *****************************************
ok: [localhost]

TASK [Log into a container registry] *******************************************
skipping: [localhost] => (item="ubuntu-podman registry username: None specified")

TASK [Check presence of custom Dockerfiles] ************************************
ok: [localhost] => (item=Dockerfile: None specified)

TASK [Create Dockerfiles from image names] *************************************
skipping: [localhost] => (item="Dockerfile: None specified; Image: python:3.11-slim")

TASK [Discover local Podman images] ********************************************
ok: [localhost] => (item=ubuntu-podman)

TASK [Build an Ansible compatible image] ***************************************
skipping: [localhost] => (item=python:3.11-slim)

TASK [Determine the CMD directives] ********************************************
ok: [localhost] => (item="ubuntu-podman command: /bin/sh -c "sleep infinity"")

TASK [Remove possible pre-existing containers] *********************************
changed: [localhost]

TASK [Discover local podman networks] ******************************************
skipping: [localhost] => (item=ubuntu-podman: None specified)

TASK [Create podman network dedicated to this scenario] ************************
skipping: [localhost]

TASK [Create molecule instance(s)] *********************************************
changed: [localhost] => (item=ubuntu-podman)

TASK [Wait for instance(s) creation to complete] *******************************
FAILED - RETRYING: Wait for instance(s) creation to complete (300 retries left).
FAILED - RETRYING: Wait for instance(s) creation to complete (299 retries left).
changed: [localhost] => (item=ubuntu-podman)

PLAY RECAP *********************************************************************
localhost                  : ok=8    changed=3    unreachable=0    failed=0    skipped=5    rescued=0    ignored=0

INFO     Running podman > prepare
WARNING  Skipping, prepare playbook not configured.
INFO     Running podman > converge

PLAY [Converge] ****************************************************************

TASK [Gathering Facts] *********************************************************
/opt/vector-role/.tox/py37-ansible210/lib/python3.7/site-packages/ansible/parsing/vault/__init__.py:44: CryptographyDeprecationWarning: Python 3.7 is no longer supported by the Python core team and support for it is deprecated in cryptography. The next release of cryptography will remove support for Python 3.7.
  from cryptography.exceptions import InvalidSignature
/opt/vector-role/.tox/py37-ansible210/lib/python3.7/site-packages/paramiko/pkey.py:82: CryptographyDeprecationWarning: TripleDES has been moved to cryptography.hazmat.decrepit.ciphers.algorithms.TripleDES and will be removed from cryptography.hazmat.primitives.ciphers.algorithms in 48.0.0.
  "cipher": algorithms.TripleDES,
/opt/vector-role/.tox/py37-ansible210/lib/python3.7/site-packages/paramiko/transport.py:253: CryptographyDeprecationWarning: TripleDES has been moved to cryptography.hazmat.decrepit.ciphers.algorithms.TripleDES and will be removed from cryptography.hazmat.primitives.ciphers.algorithms in 48.0.0.
  "class": algorithms.TripleDES,
ok: [ubuntu-podman]

TASK [Apply role under test] ***************************************************

TASK [vector-role : Create vector install directory] ***************************
changed: [ubuntu-podman]

TASK [vector-role : Create vector config directory] ****************************
changed: [ubuntu-podman]

TASK [vector-role : Create vector data directory] ******************************
changed: [ubuntu-podman]

TASK [vector-role : Download vector archive] ***********************************
changed: [ubuntu-podman]

TASK [vector-role : Extract vector archive] ************************************
changed: [ubuntu-podman]

TASK [vector-role : Create symlink to vector binary] ***************************
changed: [ubuntu-podman]

TASK [vector-role : Deploy vector config] **************************************
changed: [ubuntu-podman]

TASK [vector-role : Deploy systemd service file] *******************************
skipping: [ubuntu-podman]

TASK [vector-role : Enable and start vector] ***********************************
skipping: [ubuntu-podman]

RUNNING HANDLER [vector-role : Restart vector] *********************************
skipping: [ubuntu-podman]

PLAY RECAP *********************************************************************
ubuntu-podman              : ok=8    changed=7    unreachable=0    failed=0    skipped=3    rescued=0    ignored=0

INFO     Running podman > idempotence

PLAY [Converge] ****************************************************************

TASK [Gathering Facts] *********************************************************
/opt/vector-role/.tox/py37-ansible210/lib/python3.7/site-packages/ansible/parsing/vault/__init__.py:44: CryptographyDeprecationWarning: Python 3.7 is no longer supported by the Python core team and support for it is deprecated in cryptography. The next release of cryptography will remove support for Python 3.7.
  from cryptography.exceptions import InvalidSignature
/opt/vector-role/.tox/py37-ansible210/lib/python3.7/site-packages/paramiko/pkey.py:82: CryptographyDeprecationWarning: TripleDES has been moved to cryptography.hazmat.decrepit.ciphers.algorithms.TripleDES and will be removed from cryptography.hazmat.primitives.ciphers.algorithms in 48.0.0.
  "cipher": algorithms.TripleDES,
/opt/vector-role/.tox/py37-ansible210/lib/python3.7/site-packages/paramiko/transport.py:253: CryptographyDeprecationWarning: TripleDES has been moved to cryptography.hazmat.decrepit.ciphers.algorithms.TripleDES and will be removed from cryptography.hazmat.primitives.ciphers.algorithms in 48.0.0.
  "class": algorithms.TripleDES,
ok: [ubuntu-podman]

TASK [Apply role under test] ***************************************************

TASK [vector-role : Create vector install directory] ***************************
ok: [ubuntu-podman]

TASK [vector-role : Create vector config directory] ****************************
ok: [ubuntu-podman]

TASK [vector-role : Create vector data directory] ******************************
ok: [ubuntu-podman]

TASK [vector-role : Download vector archive] ***********************************
ok: [ubuntu-podman]

TASK [vector-role : Extract vector archive] ************************************
ok: [ubuntu-podman]

TASK [vector-role : Create symlink to vector binary] ***************************
ok: [ubuntu-podman]

TASK [vector-role : Deploy vector config] **************************************
ok: [ubuntu-podman]

TASK [vector-role : Deploy systemd service file] *******************************
skipping: [ubuntu-podman]

TASK [vector-role : Enable and start vector] ***********************************
skipping: [ubuntu-podman]

PLAY RECAP *********************************************************************
ubuntu-podman              : ok=8    changed=0    unreachable=0    failed=0    skipped=2    rescued=0    ignored=0

INFO     Idempotence completed successfully.
INFO     Running podman > side_effect
WARNING  Skipping, side effect playbook not configured.
INFO     Running podman > verify
INFO     Running Ansible Verifier

PLAY [Verify] ******************************************************************

TASK [Check vector binary exists] **********************************************
/opt/vector-role/.tox/py37-ansible210/lib/python3.7/site-packages/ansible/parsing/vault/__init__.py:44: CryptographyDeprecationWarning: Python 3.7 is no longer supported by the Python core team and support for it is deprecated in cryptography. The next release of cryptography will remove support for Python 3.7.
  from cryptography.exceptions import InvalidSignature
/opt/vector-role/.tox/py37-ansible210/lib/python3.7/site-packages/paramiko/pkey.py:82: CryptographyDeprecationWarning: TripleDES has been moved to cryptography.hazmat.decrepit.ciphers.algorithms.TripleDES and will be removed from cryptography.hazmat.primitives.ciphers.algorithms in 48.0.0.
  "cipher": algorithms.TripleDES,
/opt/vector-role/.tox/py37-ansible210/lib/python3.7/site-packages/paramiko/transport.py:253: CryptographyDeprecationWarning: TripleDES has been moved to cryptography.hazmat.decrepit.ciphers.algorithms.TripleDES and will be removed from cryptography.hazmat.primitives.ciphers.algorithms in 48.0.0.
  "class": algorithms.TripleDES,
ok: [ubuntu-podman]

TASK [Check vector config exists] **********************************************
ok: [ubuntu-podman]

TASK [Validate vector config] **************************************************
ok: [ubuntu-podman]

TASK [Check vector version] ****************************************************
ok: [ubuntu-podman]

TASK [Assert vector installation] **********************************************
ok: [ubuntu-podman] => {
    "changed": false,
    "msg": "All assertions passed"
}

PLAY RECAP *********************************************************************
ubuntu-podman              : ok=5    changed=0    unreachable=0    failed=0    skipped=0    rescued=0    ignored=0

INFO     Verifier completed successfully.
INFO     Running podman > cleanup
WARNING  Skipping, cleanup playbook not configured.
INFO     Running podman > destroy

PLAY [Destroy] *****************************************************************

TASK [Destroy molecule instance(s)] ********************************************
/opt/vector-role/.tox/py37-ansible210/lib/python3.7/site-packages/ansible/parsing/vault/__init__.py:44: CryptographyDeprecationWarning: Python 3.7 is no longer supported by the Python core team and support for it is deprecated in cryptography. The next release of cryptography will remove support for Python 3.7.
  from cryptography.exceptions import InvalidSignature
/opt/vector-role/.tox/py37-ansible210/lib/python3.7/site-packages/paramiko/pkey.py:82: CryptographyDeprecationWarning: TripleDES has been moved to cryptography.hazmat.decrepit.ciphers.algorithms.TripleDES and will be removed from cryptography.hazmat.primitives.ciphers.algorithms in 48.0.0.
  "cipher": algorithms.TripleDES,
/opt/vector-role/.tox/py37-ansible210/lib/python3.7/site-packages/paramiko/transport.py:253: CryptographyDeprecationWarning: TripleDES has been moved to cryptography.hazmat.decrepit.ciphers.algorithms.TripleDES and will be removed from cryptography.hazmat.primitives.ciphers.algorithms in 48.0.0.
  "class": algorithms.TripleDES,
changed: [localhost] => (item={'command': '/bin/sh -c "sleep infinity"', 'image': 'python:3.11-slim', 'name': 'ubuntu-podman', 'pre_build_image': True, 'privileged': True})

TASK [Wait for instance(s) deletion to complete] *******************************
FAILED - RETRYING: Wait for instance(s) deletion to complete (300 retries left).
FAILED - RETRYING: Wait for instance(s) deletion to complete (299 retries left).
changed: [localhost] => (item={'started': 1, 'finished': 0, 'ansible_job_id': '268130168745.6315', 'results_file': '/root/.ansible_async/268130168745.6315', 'changed': True, 'failed': False, 'item': {'command': '/bin/sh -c "sleep infinity"', 'image': 'python:3.11-slim', 'name': 'ubuntu-podman', 'pre_build_image': True, 'privileged': True}, 'ansible_loop_var': 'item'})

PLAY RECAP *********************************************************************
localhost                  : ok=2    changed=2    unreachable=0    failed=0    skipped=0    rescued=0    ignored=0

INFO     Pruning extra files from scenario ephemeral directory
___________________________________ summary ____________________________________
  py37-ansible210: commands succeeded
  congratulations :)
